Arguments: 
  /usr/local/bin/node /Users/young/.yarn/bin/yarn.js add git-cz --save-dev

PATH: 
  /Users/young/.yarn/bin:/Users/young/.config/yarn/global/node_modules/.bin:/usr/local/opt/nss/bin:/usr/local/bin:/usr/bin:/bin:/usr/sbin:/sbin:/usr/local/share/dotnet:~/.dotnet/tools:/Library/Frameworks/Mono.framework/Versions/Current/Commands

Yarn version: 
  1.17.3

Node version: 
  10.15.3

Platform: 
  darwin x64

Trace: 
  Error: https://registry.npm.taobao.org/antd/download/antd-3.22.2.tgz: unexpected end of file
      at Zlib.zlibOnError [as onerror] (zlib.js:154:17)

npm manifest: 
  {
    "name": "aelf-block-explorer",
    "version": "1.0.0",
    "description": "Describe browser here",
    "private": true,
    "scripts": {
      "build": "nwb build-react-app",
      "clean": "nwb clean-app",
      "start": "nwb serve-react-app",
      "test": "nwb test-react",
      "test:coverage": "nwb test-react --coverage",
      "test:watch": "nwb test-react --server"
    },
    "dependencies": {
      "@aelfqueen/protobufjs": "^6.8.8",
      "aelf-sdk": "^3.2.9",
      "antd": "^3.9.2",
      "apisauce": "^0.16.0",
      "axios": "^0.18.0",
      "dayjs": "^1.7.5",
      "echarts": "^4.2.0-rc.1",
      "echarts-for-react": "^2.0.14",
      "js-cookie": "^2.2.0",
      "lodash": "^4.17.11",
      "mobx": "^5.1.1",
      "mobx-react": "^5.2.8",
      "mobx-state-tree": "^3.3.0",
      "react": "^16.5.1",
      "react-dom": "^16.5.1",
      "react-router": "^4.3.1",
      "react-router-dom": "^4.3.1",
      "react-smooth-scrollbar": "^8.0.6",
      "react-transition-group": "^2.5.0",
      "react-websocket": "^2.0.1",
      "smooth-scrollbar": "^8.3.1"
    },
    "devDependencies": {
      "babel-plugin-import": "^1.8.0",
      "babel-plugin-lodash": "^3.3.4",
      "decimal.js": "^10.1.1",
      "nwb": "0.23.x",
      "nwb-less": "^0.7.1"
    },
    "author": "phinome",
    "license": "MIT",
    "repository": ""
  }

yarn manifest: 
  No manifest

Lockfile: 
  No lockfile
